Performing C SOURCE FILE Test CMAKE_HAVE_LIBC_PTHREAD failed with the following output:
Change Dir: /work/simple_yolov5_demo/build/CMakeFiles/CMakeTmp

Run Build Command(s):/usr/bin/make -f Makefile cmTC_54fff/fast && /usr/bin/make  -f CMakeFiles/cmTC_54fff.dir/build.make CMakeFiles/cmTC_54fff.dir/build
make[1]: Entering directory '/work/simple_yolov5_demo/build/CMakeFiles/CMakeTmp'
Building C object CMakeFiles/cmTC_54fff.dir/src.c.o
/usr/bin/cc -DCMAKE_HAVE_LIBC_PTHREAD  -fPIC  -o CMakeFiles/cmTC_54fff.dir/src.c.o -c /work/simple_yolov5_demo/build/CMakeFiles/CMakeTmp/src.c
Linking C executable cmTC_54fff
/usr/local/lib/python3.8/dist-packages/cmake/data/bin/cmake -E cmake_link_script CMakeFiles/cmTC_54fff.dir/link.txt --verbose=1
/usr/bin/cc -fPIC  -rdynamic CMakeFiles/cmTC_54fff.dir/src.c.o -o cmTC_54fff 
/usr/bin/ld: CMakeFiles/cmTC_54fff.dir/src.c.o: in function `main':
src.c:(.text+0x46): undefined reference to `pthread_create'
/usr/bin/ld: src.c:(.text+0x52): undefined reference to `pthread_detach'
/usr/bin/ld: src.c:(.text+0x5e): undefined reference to `pthread_cancel'
/usr/bin/ld: src.c:(.text+0x6f): undefined reference to `pthread_join'
collect2: error: ld returned 1 exit status
make[1]: *** [CMakeFiles/cmTC_54fff.dir/build.make:99: cmTC_54fff] Error 1
make[1]: Leaving directory '/work/simple_yolov5_demo/build/CMakeFiles/CMakeTmp'
make: *** [Makefile:127: cmTC_54fff/fast] Error 2


Source file was:
#include <pthread.h>

static void* test_func(void* data)
{
  return data;
}

int main(void)
{
  pthread_t thread;
  pthread_create(&thread, NULL, test_func, NULL);
  pthread_detach(thread);
  pthread_cancel(thread);
  pthread_join(thread, NULL);
  pthread_atfork(NULL, NULL, NULL);
  pthread_exit(NULL);

  return 0;
}

Determining if the function pthread_create exists in the pthreads failed with the following output:
Change Dir: /work/simple_yolov5_demo/build/CMakeFiles/CMakeTmp

Run Build Command(s):/usr/bin/make -f Makefile cmTC_798a3/fast && /usr/bin/make  -f CMakeFiles/cmTC_798a3.dir/build.make CMakeFiles/cmTC_798a3.dir/build
make[1]: Entering directory '/work/simple_yolov5_demo/build/CMakeFiles/CMakeTmp'
Building C object CMakeFiles/cmTC_798a3.dir/CheckFunctionExists.c.o
/usr/bin/cc   -fPIC -DCHECK_FUNCTION_EXISTS=pthread_create -o CMakeFiles/cmTC_798a3.dir/CheckFunctionExists.c.o -c /usr/local/lib/python3.8/dist-packages/cmake/data/share/cmake-3.24/Modules/CheckFunctionExists.c
Linking C executable cmTC_798a3
/usr/local/lib/python3.8/dist-packages/cmake/data/bin/cmake -E cmake_link_script CMakeFiles/cmTC_798a3.dir/link.txt --verbose=1
/usr/bin/cc -fPIC -DCHECK_FUNCTION_EXISTS=pthread_create -rdynamic CMakeFiles/cmTC_798a3.dir/CheckFunctionExists.c.o -o cmTC_798a3  -lpthreads 
/usr/bin/ld: cannot find -lpthreads
collect2: error: ld returned 1 exit status
make[1]: *** [CMakeFiles/cmTC_798a3.dir/build.make:99: cmTC_798a3] Error 1
make[1]: Leaving directory '/work/simple_yolov5_demo/build/CMakeFiles/CMakeTmp'
make: *** [Makefile:127: cmTC_798a3/fast] Error 2



